<?xml version="1.0" encoding="UTF-8"?>
<!-- Generated by org.testng.reporters.JUnitXMLReporter -->
<testsuite hostname="PRAPTI" name=" ============Expedia Booking testing using ChrsomeTest==================" tests="1" failures="1" timestamp="23 Nov 2017 06:08:29 GMT" time="38.109" errors="0">
  <testcase name="SearchForFlightsTC" time="13.791" classname="testCases.ExpediaBookingTC">
    <failure type="org.openqa.selenium.NoSuchElementException" message="Cannot locate option with value: 0
For documentation on this error, please visit: http://seleniumhq.org/exceptions/no_such_element.html
Build info: version: &amp;apos;2.53.1&amp;apos;, revision: &amp;apos;a36b8b1&amp;apos;, time: &amp;apos;2016-06-30 17:32:46&amp;apos;
System info: host: &amp;apos;PRAPTI&amp;apos;, ip: &amp;apos;10.0.0.10&amp;apos;, os.name: &amp;apos;Windows 10&amp;apos;, os.arch: &amp;apos;amd64&amp;apos;, os.version: &amp;apos;10.0&amp;apos;, java.version: &amp;apos;1.8.0_112&amp;apos;
Driver info: driver.version: unknown">
      <![CDATA[org.openqa.selenium.NoSuchElementException: Cannot locate option with value: 0
For documentation on this error, please visit: http://seleniumhq.org/exceptions/no_such_element.html
Build info: version: '2.53.1', revision: 'a36b8b1', time: '2016-06-30 17:32:46'
System info: host: 'PRAPTI', ip: '10.0.0.10', os.name: 'Windows 10', os.arch: 'amd64', os.version: '10.0', java.version: '1.8.0_112'
Driver info: driver.version: unknown
	at org.openqa.selenium.support.ui.Select.selectByValue(Select.java:208)
	at util.WdFunction.ddSelectByVisibleText(WdFunction.java:94)
	at util.WdFunction.dropdownById(WdFunction.java:83)
	at testCases.ExpediaBookingTC.SearchForFlightsTC(ExpediaBookingTC.java:43)
	at java.util.concurrent.FutureTask.run(Unknown Source)
	at java.util.concurrent.ThreadPoolExecutor.runWorker(Unknown Source)
	at java.util.concurrent.ThreadPoolExecutor$Worker.run(Unknown Source)
	at java.lang.Thread.run(Unknown Source)
... Removed 16 stack frames]]>
    </failure>
  </testcase> <!-- SearchForFlightsTC -->
</testsuite> <!--  ============Expedia Booking testing using ChrsomeTest================== -->
